2026-01-16 07:58:43 Loading main app package /usr/lib/obsidian/obsidian.asar
2026-01-16 07:58:43 Checking for update using Github
2026-01-16 07:58:44 Success.
2026-01-16 07:58:44 Latest version is 1.11.4
2026-01-16 07:58:44 App is up to date.
2026-01-16 08:00:57 Loading main app package /usr/lib/obsidian/obsidian.asar
2026-01-16 08:00:57 Checking for update using Github
2026-01-16 08:01:08 Loading main app package /usr/lib/obsidian/obsidian.asar
2026-01-16 08:01:08 Checking for update using Github
2026-01-16 08:02:20 Loading main app package /usr/lib/obsidian/obsidian.asar
2026-01-16 08:02:20 Checking for update using Github
2026-01-16 08:02:31 Loading main app package /usr/lib/obsidian/obsidian.asar
2026-01-16 08:02:32 Checking for update using Github
2026-01-16 08:02:51 Loading main app package /usr/lib/obsidian/obsidian.asar
2026-01-16 08:02:52 Checking for update using Github
2026-01-16 09:05:10 Checking for update using Github
2026-01-16 09:05:10 Success.
2026-01-16 09:05:10 Latest version is 1.11.4
2026-01-16 09:05:10 App is up to date.
2026-01-16 18:27:13 Checking for update using Github
2026-01-16 18:27:13 Success.
2026-01-16 18:27:13 Latest version is 1.11.4
2026-01-16 18:27:13 App is up to date.
2026-01-19 08:16:46 Loading main app package /usr/lib/obsidian/obsidian.asar
2026-01-19 08:16:47 Checking for update using Github
2026-01-19 08:16:47 Success.
2026-01-19 08:16:47 Latest version is 1.11.4
2026-01-19 08:16:47 App is up to date.
2026-01-19 10:09:04 Loading main app package /usr/lib/obsidian/obsidian.asar
2026-01-19 10:09:04 Checking for update using Github
2026-01-19 10:09:04 Success.
2026-01-19 10:09:04 Latest version is 1.11.4
2026-01-19 10:09:04 App is up to date.
2026-01-20 10:34:51 Loading main app package /usr/lib/obsidian/obsidian.asar
2026-01-20 10:34:51 Checking for update using Github
2026-01-20 10:34:52 Success.
2026-01-20 10:34:52 Latest version is 1.11.4
2026-01-20 10:34:52 App is up to date.
2026-01-20 10:39:50 Loading main app package /usr/lib/obsidian/obsidian.asar
2026-01-20 10:39:50 Checking for update using Github
2026-01-20 10:39:51 Success.
2026-01-20 10:39:51 Latest version is 1.11.4
2026-01-20 10:39:51 App is up to date.
2026-01-20 11:39:54 Checking for update using Github
2026-01-20 11:39:54 Success.
2026-01-20 11:39:54 Latest version is 1.11.4
2026-01-20 11:39:54 App is up to date.
2026-01-21 08:51:00 Loading main app package /usr/lib/obsidian/obsidian.asar
2026-01-21 08:51:00 Checking for update using Github
2026-01-21 08:51:01 Success.
2026-01-21 08:51:01 Latest version is 1.11.5
2026-01-21 08:51:01 Downloading update from https://github.com/obsidianmd/obsidian-releases/releases/download/v1.11.5/obsidian-1.11.5.asar.gz
2026-01-21 08:51:06 Verifying hash & signature. Size= 8771203
2026-01-21 08:51:06 Saving file
2026-01-21 08:51:06 Update complete.
2026-01-21 09:51:03 Checking for update using Github
2026-01-21 09:51:03 Success.
2026-01-21 09:51:03 Latest version is 1.11.5
2026-01-21 09:51:03 An update is already downloaded.
2026-01-23 07:01:40 Loading updated app package /home/infy/.config/obsidian/obsidian-1.11.5.asar
2026-01-23 07:01:40 Checking for update using Github
2026-01-23 07:01:40 Success.
2026-01-23 07:01:40 Latest version is 1.11.5
2026-01-23 07:01:40 App is up to date.
2026-01-25 19:38:43 Loading updated app package /home/infy/.config/obsidian/obsidian-1.11.5.asar
2026-01-25 19:38:43 Checking for update using Github
2026-01-25 19:38:43 Success.
2026-01-25 19:38:43 Latest version is 1.11.5
2026-01-25 19:38:43 App is up to date.
2026-01-26 08:54:25 Loading updated app package /home/infy/.config/obsidian/obsidian-1.11.5.asar
2026-01-26 08:54:26 Checking for update using Github
2026-01-26 08:54:26 Success.
2026-01-26 08:54:26 Latest version is 1.11.5
2026-01-26 08:54:26 App is up to date.
2026-01-26 09:54:25 Checking for update using Github
2026-01-26 09:54:25 Success.
2026-01-26 09:54:25 Latest version is 1.11.5
2026-01-26 09:54:25 App is up to date.
2026-01-26 12:03:44 Loading updated app package /home/infy/.config/obsidian/obsidian-1.11.5.asar
2026-01-26 12:03:44 Checking for update using Github
2026-01-26 12:03:44 Success.
2026-01-26 12:03:44 Latest version is 1.11.5
2026-01-26 12:03:44 App is up to date.
2026-01-28 08:47:33 Loading updated app package /home/infy/.config/obsidian/obsidian-1.11.5.asar
2026-01-28 08:47:34 Checking for update using Github
2026-01-28 08:47:34 Success.
2026-01-28 08:47:34 Latest version is 1.11.5
2026-01-28 08:47:34 App is up to date.
2026-01-28 12:07:48 Checking for update using Github
2026-01-28 12:07:49 Success.
2026-01-28 12:07:49 Latest version is 1.11.5
2026-01-28 12:07:49 App is up to date.
2026-01-29 08:35:23 Loading updated app package /home/infy/.config/obsidian/obsidian-1.11.5.asar
2026-01-29 08:35:24 Checking for update using Github
2026-01-29 08:35:24 Success.
2026-01-29 08:35:24 Latest version is 1.11.5
2026-01-29 08:35:24 App is up to date.
2026-01-29 09:16:19 Loading updated app package /home/infy/.config/obsidian/obsidian-1.11.5.asar
2026-01-29 09:16:20 Checking for update using Github
2026-01-29 09:16:20 Success.
2026-01-29 09:16:20 Latest version is 1.11.5
2026-01-29 09:16:20 App is up to date.
2026-02-05 08:49:40 Loading main app package /usr/lib/obsidian/obsidian.asar
2026-02-05 08:49:41 Checking for update using Github
2026-02-05 08:49:41 Success.
2026-02-05 08:49:41 Latest version is 1.11.5
2026-02-05 08:49:41 App is up to date.
2026-02-05 10:24:07 Checking for update using Github
2026-02-05 10:24:07 Success.
2026-02-05 10:24:07 Latest version is 1.11.5
2026-02-05 10:24:07 App is up to date.
2026-02-05 11:27:02 Checking for update using Github
2026-02-05 11:27:03 Success.
2026-02-05 11:27:03 Latest version is 1.11.5
2026-02-05 11:27:03 App is up to date.
2026-02-06 09:57:55 Loading main app package /usr/lib/obsidian/obsidian.asar
2026-02-06 09:57:56 Checking for update using Github
2026-02-06 09:57:56 Failed to check for update using Github (net::ERR_SSL_PROTOCOL_ERROR)
2026-02-06 09:57:56 Checking for update using obsidian.md
2026-02-06 09:57:56 Failed to check for update using obsidian.md (net::ERR_SSL_PROTOCOL_ERROR)
2026-02-06 11:16:26 Loading main app package /usr/lib/obsidian/obsidian.asar
2026-02-06 11:16:27 Checking for update using Github
2026-02-06 11:16:27 Success.
2026-02-06 11:16:27 Latest version is 1.11.7
2026-02-06 11:16:27 Downloading update from https://github.com/obsidianmd/obsidian-releases/releases/download/v1.11.7/obsidian-1.11.7.asar.gz
2026-02-06 11:16:29 Verifying hash & signature. Size= 8773752
2026-02-06 11:16:29 Saving file
2026-02-06 11:16:29 Update complete.
2026-02-09 09:01:25 Checking for update using Github
2026-02-09 09:01:25 Success.
2026-02-09 09:01:25 Latest version is 1.11.7
2026-02-09 09:01:25 An update is already downloaded.
2026-02-09 10:01:25 Checking for update using Github
2026-02-09 10:01:25 Success.
2026-02-09 10:01:25 Latest version is 1.11.7
2026-02-09 10:01:25 An update is already downloaded.
